<?xml version="1.0" encoding="UTF-8"?>
<testng-results ignored="0" total="1" passed="1" failed="0" skipped="0">
  <reporter-output>
  </reporter-output>
  <suite started-at="2024-10-22T06:59:57 IST" name="Default suite" finished-at="2024-10-22T07:00:27 IST" duration-ms="30000">
    <groups>
    </groups>
    <test started-at="2024-10-22T06:59:57 IST" name="Default test" finished-at="2024-10-22T07:00:27 IST" duration-ms="30000">
      <class name="Testngpkg.Assignment_window">
        <test-method is-config="true" signature="bt()[pri:0, instance:Testngpkg.Assignment_window@6e9175d8]" started-at="2024-10-22T06:59:57 IST" name="bt" finished-at="2024-10-22T07:00:01 IST" duration-ms="4147" status="PASS">
          <reporter-output>
          </reporter-output>
        </test-method> <!-- bt -->
        <test-method is-config="true" signature="bm()[pri:0, instance:Testngpkg.Assignment_window@6e9175d8]" started-at="2024-10-22T07:00:01 IST" name="bm" finished-at="2024-10-22T07:00:07 IST" duration-ms="5807" status="PASS">
          <reporter-output>
          </reporter-output>
        </test-method> <!-- bm -->
        <test-method signature="test()[pri:0, instance:Testngpkg.Assignment_window@6e9175d8]" started-at="2024-10-22T07:00:07 IST" name="test" finished-at="2024-10-22T07:00:27 IST" duration-ms="20007" status="PASS">
          <reporter-output>
          </reporter-output>
        </test-method> <!-- test -->
      </class> <!-- Testngpkg.Assignment_window -->
    </test> <!-- Default test -->
  </suite> <!-- Default suite -->
</testng-results>
